::1 - - [23/Apr/2026:14:06:49 +0000] "GET /user/profile HTTP/1.1" 500 837 "-" "PostmanRuntime/7.53.0"
::1 - - [23/Apr/2026:14:06:56 +0000] "GET /user/profile HTTP/1.1" 200 778 "-" "PostmanRuntime/7.53.0"
::1 - - [23/Apr/2026:14:07:21 +0000] "GET /user/profile HTTP/1.1" 200 778
::1 - - [23/Apr/2026:14:08:35 +0000] "GET /user/profile HTTP/1.1" 200 778 "-" "PostmanRuntime/7.53.0"
::1 - - [23/Apr/2026:14:12:50 +0000] "GET /user/profile HTTP/1.1" 200 778 "-" "PostmanRuntime/7.53.0"
::1 - - [23/Apr/2026:14:13:15 +0000] "GET /user/profile HTTP/1.1" 200 778 "-" "PostmanRuntime/7.53.0"
::1 - - [24/Apr/2026:19:27:49 +0000] "GET /user/profile HTTP/1.1" 500 912 "-" "PostmanRuntime/7.53.0"
::1 - - [24/Apr/2026:19:28:34 +0000] "GET /user/profile HTTP/1.1" 500 476 "-" "PostmanRuntime/7.53.0"
::1 - - [24/Apr/2026:19:28:41 +0000] "GET /user/profile HTTP/1.1" 500 476 "-" "PostmanRuntime/7.53.0"
::1 - - [24/Apr/2026:19:30:45 +0000] "GET /user/profile HTTP/1.1" 500 476 "-" "PostmanRuntime/7.53.0"
::1 - - [24/Apr/2026:19:32:09 +0000] "GET /user/profile HTTP/1.1" 500 476 "-" "PostmanRuntime/7.53.0"
::1 - - [24/Apr/2026:19:32:35 +0000] "GET /user/profile HTTP/1.1" 500 476 "-" "PostmanRuntime/7.53.0"
::1 - - [24/Apr/2026:19:36:17 +0000] "GET /user/profile HTTP/1.1" 500 476 "-" "PostmanRuntime/7.53.0"
::1 - - [24/Apr/2026:19:37:16 +0000] "GET /user/profile HTTP/1.1" 500 476 "-" "PostmanRuntime/7.53.0"
::1 - - [24/Apr/2026:19:37:57 +0000] "GET /user/profile HTTP/1.1" 500 476 "-" "PostmanRuntime/7.53.0"
::1 - - [24/Apr/2026:19:39:32 +0000] "GET /user/profile HTTP/1.1" 500 912 "-" "PostmanRuntime/7.53.0"
::1 - - [24/Apr/2026:19:39:40 +0000] "GET /user/profile HTTP/1.1" 200 778 "-" "PostmanRuntime/7.53.0"
::1 - - [24/Apr/2026:19:41:25 +0000] "GET /user/profile HTTP/1.1" 500 476 "-" "PostmanRuntime/7.53.0"
::1 - - [24/Apr/2026:19:44:44 +0000] "GET /user/profile HTTP/1.1" 500 912 "-" "PostmanRuntime/7.53.0"
::1 - - [24/Apr/2026:19:44:54 +0000] "GET /user/profile HTTP/1.1" 500 912 "-" "PostmanRuntime/7.53.0"
::1 - - [24/Apr/2026:19:44:55 +0000] "GET /user/profile HTTP/1.1" 500 912 "-" "PostmanRuntime/7.53.0"
::1 - - [24/Apr/2026:19:44:56 +0000] "GET /user/profile HTTP/1.1" 500 912 "-" "PostmanRuntime/7.53.0"
::1 - - [24/Apr/2026:19:45:23 +0000] "GET /user/profile HTTP/1.1" 500 912 "-" "PostmanRuntime/7.53.0"
::1 - - [24/Apr/2026:19:45:24 +0000] "GET /user/profile HTTP/1.1" 500 912 "-" "PostmanRuntime/7.53.0"
::1 - - [24/Apr/2026:19:46:08 +0000] "GET /user/profile HTTP/1.1" 500 912 "-" "PostmanRuntime/7.53.0"
::1 - - [24/Apr/2026:19:46:16 +0000] "GET /user/profile HTTP/1.1" 500 476 "-" "PostmanRuntime/7.53.0"
::1 - - [24/Apr/2026:19:47:53 +0000] "GET /user/profile HTTP/1.1" 200 778 "-" "PostmanRuntime/7.53.0"
::1 - - [24/Apr/2026:19:50:03 +0000] "GET /user/profile HTTP/1.1" 500 476 "-" "PostmanRuntime/7.53.0"
::1 - - [24/Apr/2026:20:07:45 +0000] "GET /user/profile HTTP/1.1" 500 476 "-" "PostmanRuntime/7.53.0"
::1 - - [24/Apr/2026:20:08:56 +0000] "GET /user/profile HTTP/1.1" 500 476 "-" "PostmanRuntime/7.53.0"
::1 - - [24/Apr/2026:20:09:16 +0000] "GET /user/profile HTTP/1.1" 500 476 "-" "PostmanRuntime/7.53.0"
::1 - - [24/Apr/2026:20:12:43 +0000] "GET /user/profile HTTP/1.1" 500 476 "-" "PostmanRuntime/7.53.0"
::1 - - [24/Apr/2026:20:18:12 +0000] "GET /user/profile HTTP/1.1" 500 476 "-" "PostmanRuntime/7.53.0"
::1 - - [24/Apr/2026:20:19:17 +0000] "GET /user/profile HTTP/1.1" 500 476 "-" "PostmanRuntime/7.53.0"
::1 - - [24/Apr/2026:20:20:08 +0000] "GET /user/profile HTTP/1.1" 500 476 "-" "PostmanRuntime/7.53.0"
::1 - - [24/Apr/2026:20:21:30 +0000] "GET /user/profile HTTP/1.1" 500 476 "-" "PostmanRuntime/7.53.0"
::1 - - [24/Apr/2026:20:22:35 +0000] "GET /user/profile HTTP/1.1" 500 476 "-" "PostmanRuntime/7.53.0"
::1 - - [24/Apr/2026:20:23:29 +0000] "GET /user/profile HTTP/1.1" 500 476 "-" "PostmanRuntime/7.53.0"
::1 - - [24/Apr/2026:20:25:26 +0000] "GET /user/profile HTTP/1.1" 200 644 "-" "PostmanRuntime/7.53.0"
::1 - - [24/Apr/2026:20:27:15 +0000] "GET /user/profile HTTP/1.1" 400 669 "-" "PostmanRuntime/7.53.0"
::1 - - [24/Apr/2026:20:27:58 +0000] "GET /user/profile HTTP/1.1" 200 643 "-" "PostmanRuntime/7.53.0"
::1 - - [24/Apr/2026:20:32:20 +0000] "GET /user/profile HTTP/1.1" 200 697 "-" "PostmanRuntime/7.53.0"
::1 - - [24/Apr/2026:20:33:08 +0000] "DELETE /User/SuspendUser HTTP/1.1" 200 71 "-" "PostmanRuntime/7.53.0"
::1 - - [24/Apr/2026:20:33:50 +0000] "POST /User/self-RestoreUser HTTP/1.1" 500 444 "-" "PostmanRuntime/7.53.0"
::1 - - [24/Apr/2026:20:39:11 +0000] "POST /User/self-RestoreUser HTTP/1.1" 500 444 "-" "PostmanRuntime/7.53.0"
::1 - - [24/Apr/2026:20:39:27 +0000] "POST /User/self-RestoreUser HTTP/1.1" 500 444 "-" "PostmanRuntime/7.53.0"
::1 - - [24/Apr/2026:20:39:37 +0000] "POST /User/self-RestoreUser HTTP/1.1" 404 588 "-" "PostmanRuntime/7.53.0"
::1 - - [24/Apr/2026:20:41:36 +0000] "POST /User/self-RestoreUser HTTP/1.1" 500 444 "-" "PostmanRuntime/7.53.0"
::1 - - [24/Apr/2026:20:43:20 +0000] "POST /User/self-RestoreUser HTTP/1.1" 500 436 "-" "PostmanRuntime/7.53.0"
::1 - - [24/Apr/2026:20:46:20 +0000] "POST /User/self-RestoreUser HTTP/1.1" 200 38 "-" "PostmanRuntime/7.53.0"
::1 - - [24/Apr/2026:20:46:45 +0000] "PATCH /User/Reactivate-User HTTP/1.1" 200 669 "-" "PostmanRuntime/7.53.0"
